<?xml version="1.0" encoding="UTF-8"?>
<testsuite name="com.mike.service.OsServiceTests" tests="1" skipped="0" failures="1" errors="0" timestamp="2016-05-08T15:42:37" hostname="Michaels-MBP-2" time="0.009">
  <properties/>
  <testcase name="recursive function test" classname="com.mike.service.OsServiceTests" time="0.009">
    <failure message="java.lang.StackOverflowError" type="java.lang.StackOverflowError">java.lang.StackOverflowError
	at com.mike.util.PathUtil.&lt;init&gt;(PathUtil.java:15)
	at com.mike.file.system.OsValidator.&lt;init&gt;(OsValidator.java:20)
	at com.mike.util.PathUtil.&lt;init&gt;(PathUtil.java:15)
	at com.mike.file.system.OsValidator.&lt;init&gt;(OsValidator.java:20)
	at com.mike.util.PathUtil.&lt;init&gt;(PathUtil.java:15)
	at com.mike.file.system.OsValidator.&lt;init&gt;(OsValidator.java:20)
	at com.mike.util.PathUtil.&lt;init&gt;(PathUtil.java:15)
	at com.mike.file.system.OsValidator.&lt;init&gt;(OsValidator.java:20)
	at com.mike.util.PathUtil.&lt;init&gt;(PathUtil.java:15)
	at com.mike.file.system.OsValidator.&lt;init&gt;(OsValidator.java:20)
	at com.mike.util.PathUtil.&lt;init&gt;(PathUtil.java:15)
	at com.mike.file.system.OsValidator.&lt;init&gt;(OsValidator.java:20)
	at com.mike.util.PathUtil.&lt;init&gt;(PathUtil.java:15)
	at com.mike.file.system.OsValidator.&lt;init&gt;(OsValidator.java:20)
	at com.mike.util.PathUtil.&lt;init&gt;(PathUtil.java:15)
	at com.mike.file.system.OsValidator.&lt;init&gt;(OsValidator.java:20)
	at com.mike.util.PathUtil.&lt;init&gt;(PathUtil.java:15)
	at com.mike.file.system.OsValidator.&lt;init&gt;(OsValidator.java:20)
	at com.mike.util.PathUtil.&lt;init&gt;(PathUtil.java:15)
	at com.mike.file.system.OsValidator.&lt;init&gt;(OsValidator.java:20)
	at com.mike.util.PathUtil.&lt;init&gt;(PathUtil.java:15)
	at com.mike.file.system.OsValidator.&lt;init&gt;(OsValidator.java:20)
	at com.mike.util.PathUtil.&lt;init&gt;(PathUtil.java:15)
	at com.mike.file.system.OsValidator.&lt;init&gt;(OsValidator.java:20)
	at com.mike.util.PathUtil.&lt;init&gt;(PathUtil.java:15)
	at com.mike.file.system.OsValidator.&lt;init&gt;(OsValidator.java:20)
	at com.mike.util.PathUtil.&lt;init&gt;(PathUtil.java:15)
	at com.mike.file.system.OsValidator.&lt;init&gt;(OsValidator.java:20)
	at com.mike.util.PathUtil.&lt;init&gt;(PathUtil.java:15)
	at com.mike.file.system.OsValidator.&lt;init&gt;(OsValidator.java:20)
	at com.mike.util.PathUtil.&lt;init&gt;(PathUtil.java:15)
	at com.mike.file.system.OsValidator.&lt;init&gt;(OsValidator.java:20)
	at com.mike.util.PathUtil.&lt;init&gt;(PathUtil.java:15)
	at com.mike.file.system.OsValidator.&lt;init&gt;(OsValidator.java:20)
	at com.mike.util.PathUtil.&lt;init&gt;(PathUtil.java:15)
	at com.mike.file.system.OsValidator.&lt;init&gt;(OsValidator.java:20)
	at com.mike.util.PathUtil.&lt;init&gt;(PathUtil.java:15)
	at com.mike.file.system.OsValidator.&lt;init&gt;(OsValidator.java:20)
	at com.mike.util.PathUtil.&lt;init&gt;(PathUtil.java:15)
	at com.mike.file.system.OsValidator.&lt;init&gt;(OsValidator.java:20)
	at com.mike.util.PathUtil.&lt;init&gt;(PathUtil.java:15)
	at com.mike.file.system.OsValidator.&lt;init&gt;(OsValidator.java:20)
	at com.mike.util.PathUtil.&lt;init&gt;(PathUtil.java:15)
	at com.mike.file.system.OsValidator.&lt;init&gt;(OsValidator.java:20)
	at com.mike.util.PathUtil.&lt;init&gt;(PathUtil.java:15)
	at com.mike.file.system.OsValidator.&lt;init&gt;(OsValidator.java:20)
	at com.mike.util.PathUtil.&lt;init&gt;(PathUtil.java:15)
	at com.mike.file.system.OsValidator.&lt;init&gt;(OsValidator.java:20)
	at com.mike.util.PathUtil.&lt;init&gt;(PathUtil.java:15)
	at com.mike.file.system.OsValidator.&lt;init&gt;(OsValidator.java:20)
	at com.mike.util.PathUtil.&lt;init&gt;(PathUtil.java:15)
	at com.mike.file.system.OsValidator.&lt;init&gt;(OsValidator.java:20)
	at com.mike.util.PathUtil.&lt;init&gt;(PathUtil.java:15)
	at com.mike.file.system.OsValidator.&lt;init&gt;(OsValidator.java:20)
	at com.mike.util.PathUtil.&lt;init&gt;(PathUtil.java:15)
	at com.mike.file.system.OsValidator.&lt;init&gt;(OsValidator.java:20)
	at com.mike.util.PathUtil.&lt;init&gt;(PathUtil.java:15)
	at com.mike.file.system.OsValidator.&lt;init&gt;(OsValidator.java:20)
	at com.mike.util.PathUtil.&lt;init&gt;(PathUtil.java:15)
	at com.mike.file.system.OsValidator.&lt;init&gt;(OsValidator.java:20)
	at com.mike.util.PathUtil.&lt;init&gt;(PathUtil.java:15)
	at com.mike.file.system.OsValidator.&lt;init&gt;(OsValidator.java:20)
	at com.mike.util.PathUtil.&lt;init&gt;(PathUtil.java:15)
	at com.mike.file.system.OsValidator.&lt;init&gt;(OsValidator.java:20)
	at com.mike.util.PathUtil.&lt;init&gt;(PathUtil.java:15)
	at com.mike.file.system.OsValidator.&lt;init&gt;(OsValidator.java:20)
	at com.mike.util.PathUtil.&lt;init&gt;(PathUtil.java:15)
	at com.mike.file.system.OsValidator.&lt;init&gt;(OsValidator.java:20)
	at com.mike.util.PathUtil.&lt;init&gt;(PathUtil.java:15)
	at com.mike.file.system.OsValidator.&lt;init&gt;(OsValidator.java:20)
	at com.mike.util.PathUtil.&lt;init&gt;(PathUtil.java:15)
	at com.mike.file.system.OsValidator.&lt;init&gt;(OsValidator.java:20)
	at com.mike.util.PathUtil.&lt;init&gt;(PathUtil.java:15)
	at com.mike.file.system.OsValidator.&lt;init&gt;(OsValidator.java:20)
	at com.mike.util.PathUtil.&lt;init&gt;(PathUtil.java:15)
	at com.mike.file.system.OsValidator.&lt;init&gt;(OsValidator.java:20)
	at com.mike.util.PathUtil.&lt;init&gt;(PathUtil.java:15)
	at com.mike.file.system.OsValidator.&lt;init&gt;(OsValidator.java:20)
	at com.mike.util.PathUtil.&lt;init&gt;(PathUtil.java:15)
	at com.mike.file.system.OsValidator.&lt;init&gt;(OsValidator.java:20)
	at com.mike.util.PathUtil.&lt;init&gt;(PathUtil.java:15)
	at com.mike.file.system.OsValidator.&lt;init&gt;(OsValidator.java:20)
	at com.mike.util.PathUtil.&lt;init&gt;(PathUtil.java:15)
	at com.mike.file.system.OsValidator.&lt;init&gt;(OsValidator.java:20)
	at com.mike.util.PathUtil.&lt;init&gt;(PathUtil.java:15)
	at com.mike.file.system.OsValidator.&lt;init&gt;(OsValidator.java:20)
	at com.mike.util.PathUtil.&lt;init&gt;(PathUtil.java:15)
	at com.mike.file.system.OsValidator.&lt;init&gt;(OsValidator.java:20)
	at com.mike.util.PathUtil.&lt;init&gt;(PathUtil.java:15)
	at com.mike.file.system.OsValidator.&lt;init&gt;(OsValidator.java:20)
	at com.mike.util.PathUtil.&lt;init&gt;(PathUtil.java:15)
	at com.mike.file.system.OsValidator.&lt;init&gt;(OsValidator.java:20)
	at com.mike.util.PathUtil.&lt;init&gt;(PathUtil.java:15)
	at com.mike.file.system.OsValidator.&lt;init&gt;(OsValidator.java:20)
	at com.mike.util.PathUtil.&lt;init&gt;(PathUtil.java:15)
	at com.mike.file.system.OsValidator.&lt;init&gt;(OsValidator.java:20)
	at com.mike.util.PathUtil.&lt;init&gt;(PathUtil.java:15)
	at com.mike.file.system.OsValidator.&lt;init&gt;(OsValidator.java:20)
	at com.mike.util.PathUtil.&lt;init&gt;(PathUtil.java:15)
	at com.mike.file.system.OsValidator.&lt;init&gt;(OsValidator.java:20)
	at com.mike.util.PathUtil.&lt;init&gt;(PathUtil.java:15)
	at com.mike.file.system.OsValidator.&lt;init&gt;(OsValidator.java:20)
	at com.mike.util.PathUtil.&lt;init&gt;(PathUtil.java:15)
	at com.mike.file.system.OsValidator.&lt;init&gt;(OsValidator.java:20)
	at com.mike.util.PathUtil.&lt;init&gt;(PathUtil.java:15)
	at com.mike.file.system.OsValidator.&lt;init&gt;(OsValidator.java:20)
	at com.mike.util.PathUtil.&lt;init&gt;(PathUtil.java:15)
	at com.mike.file.system.OsValidator.&lt;init&gt;(OsValidator.java:20)
	at com.mike.util.PathUtil.&lt;init&gt;(PathUtil.java:15)
	at com.mike.file.system.OsValidator.&lt;init&gt;(OsValidator.java:20)
	at com.mike.util.PathUtil.&lt;init&gt;(PathUtil.java:15)
	at com.mike.file.system.OsValidator.&lt;init&gt;(OsValidator.java:20)
	at com.mike.util.PathUtil.&lt;init&gt;(PathUtil.java:15)
	at com.mike.file.system.OsValidator.&lt;init&gt;(OsValidator.java:20)
	at com.mike.util.PathUtil.&lt;init&gt;(PathUtil.java:15)
	at com.mike.file.system.OsValidator.&lt;init&gt;(OsValidator.java:20)
	at com.mike.util.PathUtil.&lt;init&gt;(PathUtil.java:15)
	at com.mike.file.system.OsValidator.&lt;init&gt;(OsValidator.java:20)
	at com.mike.util.PathUtil.&lt;init&gt;(PathUtil.java:15)
	at com.mike.file.system.OsValidator.&lt;init&gt;(OsValidator.java:20)
	at com.mike.util.PathUtil.&lt;init&gt;(PathUtil.java:15)
	at com.mike.file.system.OsValidator.&lt;init&gt;(OsValidator.java:20)
	at com.mike.util.PathUtil.&lt;init&gt;(PathUtil.java:15)
	at com.mike.file.system.OsValidator.&lt;init&gt;(OsValidator.java:20)
	at com.mike.util.PathUtil.&lt;init&gt;(PathUtil.java:15)
	at com.mike.file.system.OsValidator.&lt;init&gt;(OsValidator.java:20)
	at com.mike.util.PathUtil.&lt;init&gt;(PathUtil.java:15)
	at com.mike.file.system.OsValidator.&lt;init&gt;(OsValidator.java:20)
	at com.mike.util.PathUtil.&lt;init&gt;(PathUtil.java:15)
	at com.mike.file.system.OsValidator.&lt;init&gt;(OsValidator.java:20)
	at com.mike.util.PathUtil.&lt;init&gt;(PathUtil.java:15)
	at com.mike.file.system.OsValidator.&lt;init&gt;(OsValidator.java:20)
	at com.mike.util.PathUtil.&lt;init&gt;(PathUtil.java:15)
	at com.mike.file.system.OsValidator.&lt;init&gt;(OsValidator.java:20)
	at com.mike.util.PathUtil.&lt;init&gt;(PathUtil.java:15)
	at com.mike.file.system.OsValidator.&lt;init&gt;(OsValidator.java:20)
	at com.mike.util.PathUtil.&lt;init&gt;(PathUtil.java:15)
	at com.mike.file.system.OsValidator.&lt;init&gt;(OsValidator.java:20)
	at com.mike.util.PathUtil.&lt;init&gt;(PathUtil.java:15)
	at com.mike.file.system.OsValidator.&lt;init&gt;(OsValidator.java:20)
	at com.mike.util.PathUtil.&lt;init&gt;(PathUtil.java:15)
	at com.mike.file.system.OsValidator.&lt;init&gt;(OsValidator.java:20)
	at com.mike.util.PathUtil.&lt;init&gt;(PathUtil.java:15)
	at com.mike.file.system.OsValidator.&lt;init&gt;(OsValidator.java:20)
	at com.mike.util.PathUtil.&lt;init&gt;(PathUtil.java:15)
	at com.mike.file.system.OsValidator.&lt;init&gt;(OsValidator.java:20)
	at com.mike.util.PathUtil.&lt;init&gt;(PathUtil.java:15)
	at com.mike.file.system.OsValidator.&lt;init&gt;(OsValidator.java:20)
	at com.mike.util.PathUtil.&lt;init&gt;(PathUtil.java:15)
	at com.mike.file.system.OsValidator.&lt;init&gt;(OsValidator.java:20)
	at com.mike.util.PathUtil.&lt;init&gt;(PathUtil.java:15)
	at com.mike.file.system.OsValidator.&lt;init&gt;(OsValidator.java:20)
	at com.mike.util.PathUtil.&lt;init&gt;(PathUtil.java:15)
	at com.mike.file.system.OsValidator.&lt;init&gt;(OsValidator.java:20)
	at com.mike.util.PathUtil.&lt;init&gt;(PathUtil.java:15)
	at com.mike.file.system.OsValidator.&lt;init&gt;(OsValidator.java:20)
	at com.mike.util.PathUtil.&lt;init&gt;(PathUtil.java:15)
	at com.mike.file.system.OsValidator.&lt;init&gt;(OsValidator.java:20)
	at com.mike.util.PathUtil.&lt;init&gt;(PathUtil.java:15)
	at com.mike.file.system.OsValidator.&lt;init&gt;(OsValidator.java:20)
	at com.mike.util.PathUtil.&lt;init&gt;(PathUtil.java:15)
	at com.mike.file.system.OsValidator.&lt;init&gt;(OsValidator.java:20)
	at com.mike.util.PathUtil.&lt;init&gt;(PathUtil.java:15)
	at com.mike.file.system.OsValidator.&lt;init&gt;(OsValidator.java:20)
	at com.mike.util.PathUtil.&lt;init&gt;(PathUtil.java:15)
	at com.mike.file.system.OsValidator.&lt;init&gt;(OsValidator.java:20)
	at com.mike.util.PathUtil.&lt;init&gt;(PathUtil.java:15)
	at com.mike.file.system.OsValidator.&lt;init&gt;(OsValidator.java:20)
	at com.mike.util.PathUtil.&lt;init&gt;(PathUtil.java:15)
	at com.mike.file.system.OsValidator.&lt;init&gt;(OsValidator.java:20)
	at com.mike.util.PathUtil.&lt;init&gt;(PathUtil.java:15)
	at com.mike.file.system.OsValidator.&lt;init&gt;(OsValidator.java:20)
	at com.mike.util.PathUtil.&lt;init&gt;(PathUtil.java:15)
	at com.mike.file.system.OsValidator.&lt;init&gt;(OsValidator.java:20)
	at com.mike.util.PathUtil.&lt;init&gt;(PathUtil.java:15)
	at com.mike.file.system.OsValidator.&lt;init&gt;(OsValidator.java:20)
	at com.mike.util.PathUtil.&lt;init&gt;(PathUtil.java:15)
	at com.mike.file.system.OsValidator.&lt;init&gt;(OsValidator.java:20)
	at com.mike.util.PathUtil.&lt;init&gt;(PathUtil.java:15)
	at com.mike.file.system.OsValidator.&lt;init&gt;(OsValidator.java:20)
	at com.mike.util.PathUtil.&lt;init&gt;(PathUtil.java:15)
	at com.mike.file.system.OsValidator.&lt;init&gt;(OsValidator.java:20)
	at com.mike.util.PathUtil.&lt;init&gt;(PathUtil.java:15)
	at com.mike.file.system.OsValidator.&lt;init&gt;(OsValidator.java:20)
	at com.mike.util.PathUtil.&lt;init&gt;(PathUtil.java:15)
	at com.mike.file.system.OsValidator.&lt;init&gt;(OsValidator.java:20)
	at com.mike.util.PathUtil.&lt;init&gt;(PathUtil.java:15)
	at com.mike.file.system.OsValidator.&lt;init&gt;(OsValidator.java:20)
	at com.mike.util.PathUtil.&lt;init&gt;(PathUtil.java:15)
	at com.mike.file.system.OsValidator.&lt;init&gt;(OsValidator.java:20)
	at com.mike.util.PathUtil.&lt;init&gt;(PathUtil.java:15)
	at com.mike.file.system.OsValidator.&lt;init&gt;(OsValidator.java:20)
	at com.mike.util.PathUtil.&lt;init&gt;(PathUtil.java:15)
	at com.mike.file.system.OsValidator.&lt;init&gt;(OsValidator.java:20)
	at com.mike.util.PathUtil.&lt;init&gt;(PathUtil.java:15)
	at com.mike.file.system.OsValidator.&lt;init&gt;(OsValidator.java:20)
	at com.mike.util.PathUtil.&lt;init&gt;(PathUtil.java:15)
	at com.mike.file.system.OsValidator.&lt;init&gt;(OsValidator.java:20)
	at com.mike.util.PathUtil.&lt;init&gt;(PathUtil.java:15)
	at com.mike.file.system.OsValidator.&lt;init&gt;(OsValidator.java:20)
	at com.mike.util.PathUtil.&lt;init&gt;(PathUtil.java:15)
	at com.mike.file.system.OsValidator.&lt;init&gt;(OsValidator.java:20)
	at com.mike.util.PathUtil.&lt;init&gt;(PathUtil.java:15)
	at com.mike.file.system.OsValidator.&lt;init&gt;(OsValidator.java:20)
	at com.mike.util.PathUtil.&lt;init&gt;(PathUtil.java:15)
	at com.mike.file.system.OsValidator.&lt;init&gt;(OsValidator.java:20)
	at com.mike.util.PathUtil.&lt;init&gt;(PathUtil.java:15)
	at com.mike.file.system.OsValidator.&lt;init&gt;(OsValidator.java:20)
	at com.mike.util.PathUtil.&lt;init&gt;(PathUtil.java:15)
	at com.mike.file.system.OsValidator.&lt;init&gt;(OsValidator.java:20)
	at com.mike.util.PathUtil.&lt;init&gt;(PathUtil.java:15)
	at com.mike.file.system.OsValidator.&lt;init&gt;(OsValidator.java:20)
	at com.mike.util.PathUtil.&lt;init&gt;(PathUtil.java:15)
	at com.mike.file.system.OsValidator.&lt;init&gt;(OsValidator.java:20)
	at com.mike.util.PathUtil.&lt;init&gt;(PathUtil.java:15)
	at com.mike.file.system.OsValidator.&lt;init&gt;(OsValidator.java:20)
	at com.mike.util.PathUtil.&lt;init&gt;(PathUtil.java:15)
	at com.mike.file.system.OsValidator.&lt;init&gt;(OsValidator.java:20)
	at com.mike.util.PathUtil.&lt;init&gt;(PathUtil.java:15)
	at com.mike.file.system.OsValidator.&lt;init&gt;(OsValidator.java:20)
	at com.mike.util.PathUtil.&lt;init&gt;(PathUtil.java:15)
	at com.mike.file.system.OsValidator.&lt;init&gt;(OsValidator.java:20)
	at com.mike.util.PathUtil.&lt;init&gt;(PathUtil.java:15)
	at com.mike.file.system.OsValidator.&lt;init&gt;(OsValidator.java:20)
	at com.mike.util.PathUtil.&lt;init&gt;(PathUtil.java:15)
	at com.mike.file.system.OsValidator.&lt;init&gt;(OsValidator.java:20)
	at com.mike.util.PathUtil.&lt;init&gt;(PathUtil.java:15)
	at com.mike.file.system.OsValidator.&lt;init&gt;(OsValidator.java:20)
	at com.mike.util.PathUtil.&lt;init&gt;(PathUtil.java:15)
	at com.mike.file.system.OsValidator.&lt;init&gt;(OsValidator.java:20)
	at com.mike.util.PathUtil.&lt;init&gt;(PathUtil.java:15)
	at com.mike.file.system.OsValidator.&lt;init&gt;(OsValidator.java:20)
	at com.mike.util.PathUtil.&lt;init&gt;(PathUtil.java:15)
	at com.mike.file.system.OsValidator.&lt;init&gt;(OsValidator.java:20)
	at com.mike.util.PathUtil.&lt;init&gt;(PathUtil.java:15)
	at com.mike.file.system.OsValidator.&lt;init&gt;(OsValidator.java:20)
	at com.mike.util.PathUtil.&lt;init&gt;(PathUtil.java:15)
	at com.mike.file.system.OsValidator.&lt;init&gt;(OsValidator.java:20)
	at com.mike.util.PathUtil.&lt;init&gt;(PathUtil.java:15)
	at com.mike.file.system.OsValidator.&lt;init&gt;(OsValidator.java:20)
	at com.mike.util.PathUtil.&lt;init&gt;(PathUtil.java:15)
	at com.mike.file.system.OsValidator.&lt;init&gt;(OsValidator.java:20)
	at com.mike.util.PathUtil.&lt;init&gt;(PathUtil.java:15)
	at com.mike.file.system.OsValidator.&lt;init&gt;(OsValidator.java:20)
	at com.mike.util.PathUtil.&lt;init&gt;(PathUtil.java:15)
	at com.mike.file.system.OsValidator.&lt;init&gt;(OsValidator.java:20)
	at com.mike.util.PathUtil.&lt;init&gt;(PathUtil.java:15)
	at com.mike.file.system.OsValidator.&lt;init&gt;(OsValidator.java:20)
	at com.mike.util.PathUtil.&lt;init&gt;(PathUtil.java:15)
	at com.mike.file.system.OsValidator.&lt;init&gt;(OsValidator.java:20)
	at com.mike.util.PathUtil.&lt;init&gt;(PathUtil.java:15)
	at com.mike.file.system.OsValidator.&lt;init&gt;(OsValidator.java:20)
	at com.mike.util.PathUtil.&lt;init&gt;(PathUtil.java:15)
	at com.mike.file.system.OsValidator.&lt;init&gt;(OsValidator.java:20)
	at com.mike.util.PathUtil.&lt;init&gt;(PathUtil.java:15)
	at com.mike.file.system.OsValidator.&lt;init&gt;(OsValidator.java:20)
	at com.mike.util.PathUtil.&lt;init&gt;(PathUtil.java:15)
	at com.mike.file.system.OsValidator.&lt;init&gt;(OsValidator.java:20)
	at com.mike.util.PathUtil.&lt;init&gt;(PathUtil.java:15)
	at com.mike.file.system.OsValidator.&lt;init&gt;(OsValidator.java:20)
	at com.mike.util.PathUtil.&lt;init&gt;(PathUtil.java:15)
	at com.mike.file.system.OsValidator.&lt;init&gt;(OsValidator.java:20)
	at com.mike.util.PathUtil.&lt;init&gt;(PathUtil.java:15)
	at com.mike.file.system.OsValidator.&lt;init&gt;(OsValidator.java:20)
	at com.mike.util.PathUtil.&lt;init&gt;(PathUtil.java:15)
	at com.mike.file.system.OsValidator.&lt;init&gt;(OsValidator.java:20)
	at com.mike.util.PathUtil.&lt;init&gt;(PathUtil.java:15)
	at com.mike.file.system.OsValidator.&lt;init&gt;(OsValidator.java:20)
	at com.mike.util.PathUtil.&lt;init&gt;(PathUtil.java:15)
	at com.mike.file.system.OsValidator.&lt;init&gt;(OsValidator.java:20)
	at com.mike.util.PathUtil.&lt;init&gt;(PathUtil.java:15)
	at com.mike.file.system.OsValidator.&lt;init&gt;(OsValidator.java:20)
	at com.mike.util.PathUtil.&lt;init&gt;(PathUtil.java:15)
	at com.mike.file.system.OsValidator.&lt;init&gt;(OsValidator.java:20)
	at com.mike.util.PathUtil.&lt;init&gt;(PathUtil.java:15)
	at com.mike.file.system.OsValidator.&lt;init&gt;(OsValidator.java:20)
	at com.mike.util.PathUtil.&lt;init&gt;(PathUtil.java:15)
	at com.mike.file.system.OsValidator.&lt;init&gt;(OsValidator.java:20)
	at com.mike.util.PathUtil.&lt;init&gt;(PathUtil.java:15)
	at com.mike.file.system.OsValidator.&lt;init&gt;(OsValidator.java:20)
	at com.mike.util.PathUtil.&lt;init&gt;(PathUtil.java:15)
	at com.mike.file.system.OsValidator.&lt;init&gt;(OsValidator.java:20)
	at com.mike.util.PathUtil.&lt;init&gt;(PathUtil.java:15)
	at com.mike.file.system.OsValidator.&lt;init&gt;(OsValidator.java:20)
	at com.mike.util.PathUtil.&lt;init&gt;(PathUtil.java:15)
	at com.mike.file.system.OsValidator.&lt;init&gt;(OsValidator.java:20)
	at com.mike.util.PathUtil.&lt;init&gt;(PathUtil.java:15)
	at com.mike.file.system.OsValidator.&lt;init&gt;(OsValidator.java:20)
	at com.mike.util.PathUtil.&lt;init&gt;(PathUtil.java:15)
	at com.mike.file.system.OsValidator.&lt;init&gt;(OsValidator.java:20)
	at com.mike.util.PathUtil.&lt;init&gt;(PathUtil.java:15)
	at com.mike.file.system.OsValidator.&lt;init&gt;(OsValidator.java:20)
	at com.mike.util.PathUtil.&lt;init&gt;(PathUtil.java:15)
	at com.mike.file.system.OsValidator.&lt;init&gt;(OsValidator.java:20)
	at com.mike.util.PathUtil.&lt;init&gt;(PathUtil.java:15)
	at com.mike.file.system.OsValidator.&lt;init&gt;(OsValidator.java:20)
	at com.mike.util.PathUtil.&lt;init&gt;(PathUtil.java:15)
	at com.mike.file.system.OsValidator.&lt;init&gt;(OsValidator.java:20)
	at com.mike.util.PathUtil.&lt;init&gt;(PathUtil.java:15)
	at com.mike.file.system.OsValidator.&lt;init&gt;(OsValidator.java:20)
	at com.mike.util.PathUtil.&lt;init&gt;(PathUtil.java:15)
	at com.mike.file.system.OsValidator.&lt;init&gt;(OsValidator.java:20)
	at com.mike.util.PathUtil.&lt;init&gt;(PathUtil.java:15)
	at com.mike.file.system.OsValidator.&lt;init&gt;(OsValidator.java:20)
	at com.mike.util.PathUtil.&lt;init&gt;(PathUtil.java:15)
	at com.mike.file.system.OsValidator.&lt;init&gt;(OsValidator.java:20)
	at com.mike.util.PathUtil.&lt;init&gt;(PathUtil.java:15)
	at com.mike.file.system.OsValidator.&lt;init&gt;(OsValidator.java:20)
	at com.mike.util.PathUtil.&lt;init&gt;(PathUtil.java:15)
	at com.mike.file.system.OsValidator.&lt;init&gt;(OsValidator.java:20)
	at com.mike.util.PathUtil.&lt;init&gt;(PathUtil.java:15)
	at com.mike.file.system.OsValidator.&lt;init&gt;(OsValidator.java:20)
	at com.mike.util.PathUtil.&lt;init&gt;(PathUtil.java:15)
	at com.mike.file.system.OsValidator.&lt;init&gt;(OsValidator.java:20)
	at com.mike.util.PathUtil.&lt;init&gt;(PathUtil.java:15)
	at com.mike.file.system.OsValidator.&lt;init&gt;(OsValidator.java:20)
	at com.mike.util.PathUtil.&lt;init&gt;(PathUtil.java:15)
	at com.mike.file.system.OsValidator.&lt;init&gt;(OsValidator.java:20)
	at com.mike.util.PathUtil.&lt;init&gt;(PathUtil.java:15)
	at com.mike.file.system.OsValidator.&lt;init&gt;(OsValidator.java:20)
	at com.mike.util.PathUtil.&lt;init&gt;(PathUtil.java:15)
	at com.mike.file.system.OsValidator.&lt;init&gt;(OsValidator.java:20)
	at com.mike.util.PathUtil.&lt;init&gt;(PathUtil.java:15)
	at com.mike.file.system.OsValidator.&lt;init&gt;(OsValidator.java:20)
	at com.mike.util.PathUtil.&lt;init&gt;(PathUtil.java:15)
	at com.mike.file.system.OsValidator.&lt;init&gt;(OsValidator.java:20)
	at com.mike.util.PathUtil.&lt;init&gt;(PathUtil.java:15)
	at com.mike.file.system.OsValidator.&lt;init&gt;(OsValidator.java:20)
	at com.mike.util.PathUtil.&lt;init&gt;(PathUtil.java:15)
	at com.mike.file.system.OsValidator.&lt;init&gt;(OsValidator.java:20)
	at com.mike.util.PathUtil.&lt;init&gt;(PathUtil.java:15)
	at com.mike.file.system.OsValidator.&lt;init&gt;(OsValidator.java:20)
	at com.mike.util.PathUtil.&lt;init&gt;(PathUtil.java:15)
	at com.mike.file.system.OsValidator.&lt;init&gt;(OsValidator.java:20)
	at com.mike.util.PathUtil.&lt;init&gt;(PathUtil.java:15)
	at com.mike.file.system.OsValidator.&lt;init&gt;(OsValidator.java:20)
	at com.mike.util.PathUtil.&lt;init&gt;(PathUtil.java:15)
	at com.mike.file.system.OsValidator.&lt;init&gt;(OsValidator.java:20)
	at com.mike.util.PathUtil.&lt;init&gt;(PathUtil.java:15)
	at com.mike.file.system.OsValidator.&lt;init&gt;(OsValidator.java:20)
	at com.mike.util.PathUtil.&lt;init&gt;(PathUtil.java:15)
	at com.mike.file.system.OsValidator.&lt;init&gt;(OsValidator.java:20)
	at com.mike.util.PathUtil.&lt;init&gt;(PathUtil.java:15)
	at com.mike.file.system.OsValidator.&lt;init&gt;(OsValidator.java:20)
	at com.mike.util.PathUtil.&lt;init&gt;(PathUtil.java:15)
	at com.mike.file.system.OsValidator.&lt;init&gt;(OsValidator.java:20)
	at com.mike.util.PathUtil.&lt;init&gt;(PathUtil.java:15)
	at com.mike.file.system.OsValidator.&lt;init&gt;(OsValidator.java:20)
	at com.mike.util.PathUtil.&lt;init&gt;(PathUtil.java:15)
	at com.mike.file.system.OsValidator.&lt;init&gt;(OsValidator.java:20)
	at com.mike.util.PathUtil.&lt;init&gt;(PathUtil.java:15)
	at com.mike.file.system.OsValidator.&lt;init&gt;(OsValidator.java:20)
	at com.mike.util.PathUtil.&lt;init&gt;(PathUtil.java:15)
	at com.mike.file.system.OsValidator.&lt;init&gt;(OsValidator.java:20)
	at com.mike.util.PathUtil.&lt;init&gt;(PathUtil.java:15)
	at com.mike.file.system.OsValidator.&lt;init&gt;(OsValidator.java:20)
	at com.mike.util.PathUtil.&lt;init&gt;(PathUtil.java:15)
	at com.mike.file.system.OsValidator.&lt;init&gt;(OsValidator.java:20)
	at com.mike.util.PathUtil.&lt;init&gt;(PathUtil.java:15)
	at com.mike.file.system.OsValidator.&lt;init&gt;(OsValidator.java:20)
	at com.mike.util.PathUtil.&lt;init&gt;(PathUtil.java:15)
	at com.mike.file.system.OsValidator.&lt;init&gt;(OsValidator.java:20)
	at com.mike.util.PathUtil.&lt;init&gt;(PathUtil.java:15)
	at com.mike.file.system.OsValidator.&lt;init&gt;(OsValidator.java:20)
	at com.mike.util.PathUtil.&lt;init&gt;(PathUtil.java:15)
	at com.mike.file.system.OsValidator.&lt;init&gt;(OsValidator.java:20)
	at com.mike.util.PathUtil.&lt;init&gt;(PathUtil.java:15)
	at com.mike.file.system.OsValidator.&lt;init&gt;(OsValidator.java:20)
	at com.mike.util.PathUtil.&lt;init&gt;(PathUtil.java:15)
	at com.mike.file.system.OsValidator.&lt;init&gt;(OsValidator.java:20)
	at com.mike.util.PathUtil.&lt;init&gt;(PathUtil.java:15)
	at com.mike.file.system.OsValidator.&lt;init&gt;(OsValidator.java:20)
	at com.mike.util.PathUtil.&lt;init&gt;(PathUtil.java:15)
	at com.mike.file.system.OsValidator.&lt;init&gt;(OsValidator.java:20)
	at com.mike.util.PathUtil.&lt;init&gt;(PathUtil.java:15)
	at com.mike.file.system.OsValidator.&lt;init&gt;(OsValidator.java:20)
	at com.mike.util.PathUtil.&lt;init&gt;(PathUtil.java:15)
	at com.mike.file.system.OsValidator.&lt;init&gt;(OsValidator.java:20)
	at com.mike.util.PathUtil.&lt;init&gt;(PathUtil.java:15)
	at com.mike.file.system.OsValidator.&lt;init&gt;(OsValidator.java:20)
	at com.mike.util.PathUtil.&lt;init&gt;(PathUtil.java:15)
	at com.mike.file.system.OsValidator.&lt;init&gt;(OsValidator.java:20)
	at com.mike.util.PathUtil.&lt;init&gt;(PathUtil.java:15)
	at com.mike.file.system.OsValidator.&lt;init&gt;(OsValidator.java:20)
	at com.mike.util.PathUtil.&lt;init&gt;(PathUtil.java:15)
	at com.mike.file.system.OsValidator.&lt;init&gt;(OsValidator.java:20)
	at com.mike.util.PathUtil.&lt;init&gt;(PathUtil.java:15)
	at com.mike.file.system.OsValidator.&lt;init&gt;(OsValidator.java:20)
	at com.mike.util.PathUtil.&lt;init&gt;(PathUtil.java:15)
	at com.mike.file.system.OsValidator.&lt;init&gt;(OsValidator.java:20)
	at com.mike.util.PathUtil.&lt;init&gt;(PathUtil.java:15)
	at com.mike.file.system.OsValidator.&lt;init&gt;(OsValidator.java:20)
	at com.mike.util.PathUtil.&lt;init&gt;(PathUtil.java:15)
	at com.mike.file.system.OsValidator.&lt;init&gt;(OsValidator.java:20)
	at com.mike.util.PathUtil.&lt;init&gt;(PathUtil.java:15)
	at com.mike.file.system.OsValidator.&lt;init&gt;(OsValidator.java:20)
	at com.mike.util.PathUtil.&lt;init&gt;(PathUtil.java:15)
	at com.mike.file.system.OsValidator.&lt;init&gt;(OsValidator.java:20)
	at com.mike.util.PathUtil.&lt;init&gt;(PathUtil.java:15)
	at com.mike.file.system.OsValidator.&lt;init&gt;(OsValidator.java:20)
	at com.mike.util.PathUtil.&lt;init&gt;(PathUtil.java:15)
	at com.mike.file.system.OsValidator.&lt;init&gt;(OsValidator.java:20)
	at com.mike.util.PathUtil.&lt;init&gt;(PathUtil.java:15)
	at com.mike.file.system.OsValidator.&lt;init&gt;(OsValidator.java:20)
	at com.mike.util.PathUtil.&lt;init&gt;(PathUtil.java:15)
	at com.mike.file.system.OsValidator.&lt;init&gt;(OsValidator.java:20)
	at com.mike.util.PathUtil.&lt;init&gt;(PathUtil.java:15)
	at com.mike.file.system.OsValidator.&lt;init&gt;(OsValidator.java:20)
	at com.mike.util.PathUtil.&lt;init&gt;(PathUtil.java:15)
	at com.mike.file.system.OsValidator.&lt;init&gt;(OsValidator.java:20)
	at com.mike.util.PathUtil.&lt;init&gt;(PathUtil.java:15)
	at com.mike.file.system.OsValidator.&lt;init&gt;(OsValidator.java:20)
	at com.mike.util.PathUtil.&lt;init&gt;(PathUtil.java:15)
	at com.mike.file.system.OsValidator.&lt;init&gt;(OsValidator.java:20)
	at com.mike.util.PathUtil.&lt;init&gt;(PathUtil.java:15)
	at com.mike.file.system.OsValidator.&lt;init&gt;(OsValidator.java:20)
	at com.mike.util.PathUtil.&lt;init&gt;(PathUtil.java:15)
	at com.mike.file.system.OsValidator.&lt;init&gt;(OsValidator.java:20)
	at com.mike.util.PathUtil.&lt;init&gt;(PathUtil.java:15)
	at com.mike.file.system.OsValidator.&lt;init&gt;(OsValidator.java:20)
	at com.mike.util.PathUtil.&lt;init&gt;(PathUtil.java:15)
	at com.mike.file.system.OsValidator.&lt;init&gt;(OsValidator.java:20)
	at com.mike.util.PathUtil.&lt;init&gt;(PathUtil.java:15)
	at com.mike.file.system.OsValidator.&lt;init&gt;(OsValidator.java:20)
	at com.mike.util.PathUtil.&lt;init&gt;(PathUtil.java:15)
	at com.mike.file.system.OsValidator.&lt;init&gt;(OsValidator.java:20)
	at com.mike.util.PathUtil.&lt;init&gt;(PathUtil.java:15)
	at com.mike.file.system.OsValidator.&lt;init&gt;(OsValidator.java:20)
	at com.mike.util.PathUtil.&lt;init&gt;(PathUtil.java:15)
	at com.mike.file.system.OsValidator.&lt;init&gt;(OsValidator.java:20)
	at com.mike.util.PathUtil.&lt;init&gt;(PathUtil.java:15)
	at com.mike.file.system.OsValidator.&lt;init&gt;(OsValidator.java:20)
	at com.mike.util.PathUtil.&lt;init&gt;(PathUtil.java:15)
	at com.mike.file.system.OsValidator.&lt;init&gt;(OsValidator.java:20)
	at com.mike.util.PathUtil.&lt;init&gt;(PathUtil.java:15)
	at com.mike.file.system.OsValidator.&lt;init&gt;(OsValidator.java:20)
	at com.mike.util.PathUtil.&lt;init&gt;(PathUtil.java:15)
	at com.mike.file.system.OsValidator.&lt;init&gt;(OsValidator.java:20)
	at com.mike.util.PathUtil.&lt;init&gt;(PathUtil.java:15)
	at com.mike.file.system.OsValidator.&lt;init&gt;(OsValidator.java:20)
	at com.mike.util.PathUtil.&lt;init&gt;(PathUtil.java:15)
	at com.mike.file.system.OsValidator.&lt;init&gt;(OsValidator.java:20)
	at com.mike.util.PathUtil.&lt;init&gt;(PathUtil.java:15)
	at com.mike.file.system.OsValidator.&lt;init&gt;(OsValidator.java:20)
	at com.mike.util.PathUtil.&lt;init&gt;(PathUtil.java:15)
	at com.mike.file.system.OsValidator.&lt;init&gt;(OsValidator.java:20)
	at com.mike.util.PathUtil.&lt;init&gt;(PathUtil.java:15)
	at com.mike.file.system.OsValidator.&lt;init&gt;(OsValidator.java:20)
	at com.mike.util.PathUtil.&lt;init&gt;(PathUtil.java:15)
	at com.mike.file.system.OsValidator.&lt;init&gt;(OsValidator.java:20)
	at com.mike.util.PathUtil.&lt;init&gt;(PathUtil.java:15)
	at com.mike.file.system.OsValidator.&lt;init&gt;(OsValidator.java:20)
	at com.mike.util.PathUtil.&lt;init&gt;(PathUtil.java:15)
	at com.mike.file.system.OsValidator.&lt;init&gt;(OsValidator.java:20)
	at com.mike.util.PathUtil.&lt;init&gt;(PathUtil.java:15)
	at com.mike.file.system.OsValidator.&lt;init&gt;(OsValidator.java:20)
	at com.mike.util.PathUtil.&lt;init&gt;(PathUtil.java:15)
	at com.mike.file.system.OsValidator.&lt;init&gt;(OsValidator.java:20)
	at com.mike.util.PathUtil.&lt;init&gt;(PathUtil.java:15)
	at com.mike.file.system.OsValidator.&lt;init&gt;(OsValidator.java:20)
	at com.mike.util.PathUtil.&lt;init&gt;(PathUtil.java:15)
	at com.mike.file.system.OsValidator.&lt;init&gt;(OsValidator.java:20)
	at com.mike.util.PathUtil.&lt;init&gt;(PathUtil.java:15)
	at com.mike.file.system.OsValidator.&lt;init&gt;(OsValidator.java:20)
	at com.mike.util.PathUtil.&lt;init&gt;(PathUtil.java:15)
	at com.mike.file.system.OsValidator.&lt;init&gt;(OsValidator.java:20)
	at com.mike.util.PathUtil.&lt;init&gt;(PathUtil.java:15)
	at com.mike.file.system.OsValidator.&lt;init&gt;(OsValidator.java:20)
	at com.mike.util.PathUtil.&lt;init&gt;(PathUtil.java:15)
	at com.mike.file.system.OsValidator.&lt;init&gt;(OsValidator.java:20)
	at com.mike.util.PathUtil.&lt;init&gt;(PathUtil.java:15)
	at com.mike.file.system.OsValidator.&lt;init&gt;(OsValidator.java:20)
	at com.mike.util.PathUtil.&lt;init&gt;(PathUtil.java:15)
	at com.mike.file.system.OsValidator.&lt;init&gt;(OsValidator.java:20)
	at com.mike.util.PathUtil.&lt;init&gt;(PathUtil.java:15)
	at com.mike.file.system.OsValidator.&lt;init&gt;(OsValidator.java:20)
	at com.mike.util.PathUtil.&lt;init&gt;(PathUtil.java:15)
	at com.mike.file.system.OsValidator.&lt;init&gt;(OsValidator.java:20)
	at com.mike.util.PathUtil.&lt;init&gt;(PathUtil.java:15)
	at com.mike.file.system.OsValidator.&lt;init&gt;(OsValidator.java:20)
	at com.mike.util.PathUtil.&lt;init&gt;(PathUtil.java:15)
	at com.mike.file.system.OsValidator.&lt;init&gt;(OsValidator.java:20)
	at com.mike.util.PathUtil.&lt;init&gt;(PathUtil.java:15)
	at com.mike.file.system.OsValidator.&lt;init&gt;(OsValidator.java:20)
	at com.mike.util.PathUtil.&lt;init&gt;(PathUtil.java:15)
	at com.mike.file.system.OsValidator.&lt;init&gt;(OsValidator.java:20)
	at com.mike.util.PathUtil.&lt;init&gt;(PathUtil.java:15)
	at com.mike.file.system.OsValidator.&lt;init&gt;(OsValidator.java:20)
	at com.mike.util.PathUtil.&lt;init&gt;(PathUtil.java:15)
	at com.mike.file.system.OsValidator.&lt;init&gt;(OsValidator.java:20)
	at com.mike.util.PathUtil.&lt;init&gt;(PathUtil.java:15)
	at com.mike.file.system.OsValidator.&lt;init&gt;(OsValidator.java:20)
	at com.mike.util.PathUtil.&lt;init&gt;(PathUtil.java:15)
	at com.mike.file.system.OsValidator.&lt;init&gt;(OsValidator.java:20)
	at com.mike.util.PathUtil.&lt;init&gt;(PathUtil.java:15)
	at com.mike.file.system.OsValidator.&lt;init&gt;(OsValidator.java:20)
	at com.mike.util.PathUtil.&lt;init&gt;(PathUtil.java:15)
	at com.mike.file.system.OsValidator.&lt;init&gt;(OsValidator.java:20)
	at com.mike.util.PathUtil.&lt;init&gt;(PathUtil.java:15)
	at com.mike.file.system.OsValidator.&lt;init&gt;(OsValidator.java:20)
	at com.mike.util.PathUtil.&lt;init&gt;(PathUtil.java:15)
	at com.mike.file.system.OsValidator.&lt;init&gt;(OsValidator.java:20)
	at com.mike.util.PathUtil.&lt;init&gt;(PathUtil.java:15)
	at com.mike.file.system.OsValidator.&lt;init&gt;(OsValidator.java:20)
	at com.mike.util.PathUtil.&lt;init&gt;(PathUtil.java:15)
	at com.mike.file.system.OsValidator.&lt;init&gt;(OsValidator.java:20)
	at com.mike.util.PathUtil.&lt;init&gt;(PathUtil.java:15)
	at com.mike.file.system.OsValidator.&lt;init&gt;(OsValidator.java:20)
	at com.mike.util.PathUtil.&lt;init&gt;(PathUtil.java:15)
	at com.mike.file.system.OsValidator.&lt;init&gt;(OsValidator.java:20)
	at com.mike.util.PathUtil.&lt;init&gt;(PathUtil.java:15)
	at com.mike.file.system.OsValidator.&lt;init&gt;(OsValidator.java:20)
	at com.mike.util.PathUtil.&lt;init&gt;(PathUtil.java:15)
	at com.mike.file.system.OsValidator.&lt;init&gt;(OsValidator.java:20)
	at com.mike.util.PathUtil.&lt;init&gt;(PathUtil.java:15)
	at com.mike.file.system.OsValidator.&lt;init&gt;(OsValidator.java:20)
	at com.mike.util.PathUtil.&lt;init&gt;(PathUtil.java:15)
	at com.mike.file.system.OsValidator.&lt;init&gt;(OsValidator.java:20)
	at com.mike.util.PathUtil.&lt;init&gt;(PathUtil.java:15)
	at com.mike.file.system.OsValidator.&lt;init&gt;(OsValidator.java:20)
	at com.mike.util.PathUtil.&lt;init&gt;(PathUtil.java:15)
	at com.mike.file.system.OsValidator.&lt;init&gt;(OsValidator.java:20)
	at com.mike.util.PathUtil.&lt;init&gt;(PathUtil.java:15)
	at com.mike.file.system.OsValidator.&lt;init&gt;(OsValidator.java:20)
	at com.mike.util.PathUtil.&lt;init&gt;(PathUtil.java:15)
	at com.mike.file.system.OsValidator.&lt;init&gt;(OsValidator.java:20)
	at com.mike.util.PathUtil.&lt;init&gt;(PathUtil.java:15)
	at com.mike.file.system.OsValidator.&lt;init&gt;(OsValidator.java:20)
	at com.mike.util.PathUtil.&lt;init&gt;(PathUtil.java:15)
	at com.mike.file.system.OsValidator.&lt;init&gt;(OsValidator.java:20)
	at com.mike.util.PathUtil.&lt;init&gt;(PathUtil.java:15)
	at com.mike.file.system.OsValidator.&lt;init&gt;(OsValidator.java:20)
	at com.mike.util.PathUtil.&lt;init&gt;(PathUtil.java:15)
	at com.mike.file.system.OsValidator.&lt;init&gt;(OsValidator.java:20)
	at com.mike.util.PathUtil.&lt;init&gt;(PathUtil.java:15)
	at com.mike.file.system.OsValidator.&lt;init&gt;(OsValidator.java:20)
	at com.mike.util.PathUtil.&lt;init&gt;(PathUtil.java:15)
	at com.mike.file.system.OsValidator.&lt;init&gt;(OsValidator.java:20)
	at com.mike.util.PathUtil.&lt;init&gt;(PathUtil.java:15)
	at com.mike.file.system.OsValidator.&lt;init&gt;(OsValidator.java:20)
	at com.mike.util.PathUtil.&lt;init&gt;(PathUtil.java:15)
	at com.mike.file.system.OsValidator.&lt;init&gt;(OsValidator.java:20)
	at com.mike.util.PathUtil.&lt;init&gt;(PathUtil.java:15)
	at com.mike.file.system.OsValidator.&lt;init&gt;(OsValidator.java:20)
	at com.mike.util.PathUtil.&lt;init&gt;(PathUtil.java:15)
	at com.mike.file.system.OsValidator.&lt;init&gt;(OsValidator.java:20)
	at com.mike.util.PathUtil.&lt;init&gt;(PathUtil.java:15)
	at com.mike.file.system.OsValidator.&lt;init&gt;(OsValidator.java:20)
	at com.mike.util.PathUtil.&lt;init&gt;(PathUtil.java:15)
	at com.mike.file.system.OsValidator.&lt;init&gt;(OsValidator.java:20)
	at com.mike.util.PathUtil.&lt;init&gt;(PathUtil.java:15)
	at com.mike.file.system.OsValidator.&lt;init&gt;(OsValidator.java:20)
	at com.mike.util.PathUtil.&lt;init&gt;(PathUtil.java:15)
	at com.mike.file.system.OsValidator.&lt;init&gt;(OsValidator.java:20)
	at com.mike.util.PathUtil.&lt;init&gt;(PathUtil.java:15)
	at com.mike.file.system.OsValidator.&lt;init&gt;(OsValidator.java:20)
	at com.mike.util.PathUtil.&lt;init&gt;(PathUtil.java:15)
	at com.mike.file.system.OsValidator.&lt;init&gt;(OsValidator.java:20)
	at com.mike.util.PathUtil.&lt;init&gt;(PathUtil.java:15)
	at com.mike.file.system.OsValidator.&lt;init&gt;(OsValidator.java:20)
	at com.mike.util.PathUtil.&lt;init&gt;(PathUtil.java:15)
	at com.mike.file.system.OsValidator.&lt;init&gt;(OsValidator.java:20)
	at com.mike.util.PathUtil.&lt;init&gt;(PathUtil.java:15)
	at com.mike.file.system.OsValidator.&lt;init&gt;(OsValidator.java:20)
	at com.mike.util.PathUtil.&lt;init&gt;(PathUtil.java:15)
	at com.mike.file.system.OsValidator.&lt;init&gt;(OsValidator.java:20)
	at com.mike.util.PathUtil.&lt;init&gt;(PathUtil.java:15)
	at com.mike.file.system.OsValidator.&lt;init&gt;(OsValidator.java:20)
	at com.mike.util.PathUtil.&lt;init&gt;(PathUtil.java:15)
	at com.mike.file.system.OsValidator.&lt;init&gt;(OsValidator.java:20)
	at com.mike.util.PathUtil.&lt;init&gt;(PathUtil.java:15)
	at com.mike.file.system.OsValidator.&lt;init&gt;(OsValidator.java:20)
	at com.mike.util.PathUtil.&lt;init&gt;(PathUtil.java:15)
	at com.mike.file.system.OsValidator.&lt;init&gt;(OsValidator.java:20)
	at com.mike.util.PathUtil.&lt;init&gt;(PathUtil.java:15)
	at com.mike.file.system.OsValidator.&lt;init&gt;(OsValidator.java:20)
	at com.mike.util.PathUtil.&lt;init&gt;(PathUtil.java:15)
	at com.mike.file.system.OsValidator.&lt;init&gt;(OsValidator.java:20)
	at com.mike.util.PathUtil.&lt;init&gt;(PathUtil.java:15)
	at com.mike.file.system.OsValidator.&lt;init&gt;(OsValidator.java:20)
	at com.mike.util.PathUtil.&lt;init&gt;(PathUtil.java:15)
	at com.mike.file.system.OsValidator.&lt;init&gt;(OsValidator.java:20)
	at com.mike.util.PathUtil.&lt;init&gt;(PathUtil.java:15)
	at com.mike.file.system.OsValidator.&lt;init&gt;(OsValidator.java:20)
	at com.mike.util.PathUtil.&lt;init&gt;(PathUtil.java:15)
	at com.mike.file.system.OsValidator.&lt;init&gt;(OsValidator.java:20)
	at com.mike.util.PathUtil.&lt;init&gt;(PathUtil.java:15)
	at com.mike.file.system.OsValidator.&lt;init&gt;(OsValidator.java:20)
	at com.mike.util.PathUtil.&lt;init&gt;(PathUtil.java:15)
	at com.mike.file.system.OsValidator.&lt;init&gt;(OsValidator.java:20)
	at com.mike.util.PathUtil.&lt;init&gt;(PathUtil.java:15)
	at com.mike.file.system.OsValidator.&lt;init&gt;(OsValidator.java:20)
	at com.mike.util.PathUtil.&lt;init&gt;(PathUtil.java:15)
	at com.mike.file.system.OsValidator.&lt;init&gt;(OsValidator.java:20)
	at com.mike.util.PathUtil.&lt;init&gt;(PathUtil.java:15)
	at com.mike.file.system.OsValidator.&lt;init&gt;(OsValidator.java:20)
	at com.mike.util.PathUtil.&lt;init&gt;(PathUtil.java:15)
	at com.mike.file.system.OsValidator.&lt;init&gt;(OsValidator.java:20)
	at com.mike.util.PathUtil.&lt;init&gt;(PathUtil.java:15)
	at com.mike.file.system.OsValidator.&lt;init&gt;(OsValidator.java:20)
	at com.mike.util.PathUtil.&lt;init&gt;(PathUtil.java:15)
	at com.mike.file.system.OsValidator.&lt;init&gt;(OsValidator.java:20)
	at com.mike.util.PathUtil.&lt;init&gt;(PathUtil.java:15)
	at com.mike.file.system.OsValidator.&lt;init&gt;(OsValidator.java:20)
	at com.mike.util.PathUtil.&lt;init&gt;(PathUtil.java:15)
	at com.mike.file.system.OsValidator.&lt;init&gt;(OsValidator.java:20)
	at com.mike.util.PathUtil.&lt;init&gt;(PathUtil.java:15)
	at com.mike.file.system.OsValidator.&lt;init&gt;(OsValidator.java:20)
	at com.mike.util.PathUtil.&lt;init&gt;(PathUtil.java:15)
	at com.mike.file.system.OsValidator.&lt;init&gt;(OsValidator.java:20)
	at com.mike.util.PathUtil.&lt;init&gt;(PathUtil.java:15)
	at com.mike.file.system.OsValidator.&lt;init&gt;(OsValidator.java:20)
	at com.mike.util.PathUtil.&lt;init&gt;(PathUtil.java:15)
	at com.mike.file.system.OsValidator.&lt;init&gt;(OsValidator.java:20)
	at com.mike.util.PathUtil.&lt;init&gt;(PathUtil.java:15)
	at com.mike.file.system.OsValidator.&lt;init&gt;(OsValidator.java:20)
	at com.mike.util.PathUtil.&lt;init&gt;(PathUtil.java:15)
	at com.mike.file.system.OsValidator.&lt;init&gt;(OsValidator.java:20)
	at com.mike.util.PathUtil.&lt;init&gt;(PathUtil.java:15)
	at com.mike.file.system.OsValidator.&lt;init&gt;(OsValidator.java:20)
	at com.mike.util.PathUtil.&lt;init&gt;(PathUtil.java:15)
	at com.mike.file.system.OsValidator.&lt;init&gt;(OsValidator.java:20)
	at com.mike.util.PathUtil.&lt;init&gt;(PathUtil.java:15)
	at com.mike.file.system.OsValidator.&lt;init&gt;(OsValidator.java:20)
	at com.mike.util.PathUtil.&lt;init&gt;(PathUtil.java:15)
	at com.mike.file.system.OsValidator.&lt;init&gt;(OsValidator.java:20)
	at com.mike.util.PathUtil.&lt;init&gt;(PathUtil.java:15)
	at com.mike.file.system.OsValidator.&lt;init&gt;(OsValidator.java:20)
	at com.mike.util.PathUtil.&lt;init&gt;(PathUtil.java:15)
	at com.mike.file.system.OsValidator.&lt;init&gt;(OsValidator.java:20)
	at com.mike.util.PathUtil.&lt;init&gt;(PathUtil.java:15)
	at com.mike.file.system.OsValidator.&lt;init&gt;(OsValidator.java:20)
	at com.mike.util.PathUtil.&lt;init&gt;(PathUtil.java:15)
	at com.mike.file.system.OsValidator.&lt;init&gt;(OsValidator.java:20)
	at com.mike.util.PathUtil.&lt;init&gt;(PathUtil.java:15)
	at com.mike.file.system.OsValidator.&lt;init&gt;(OsValidator.java:20)
	at com.mike.util.PathUtil.&lt;init&gt;(PathUtil.java:15)
	at com.mike.file.system.OsValidator.&lt;init&gt;(OsValidator.java:20)
	at com.mike.util.PathUtil.&lt;init&gt;(PathUtil.java:15)
	at com.mike.file.system.OsValidator.&lt;init&gt;(OsValidator.java:20)
	at com.mike.util.PathUtil.&lt;init&gt;(PathUtil.java:15)
	at com.mike.file.system.OsValidator.&lt;init&gt;(OsValidator.java:20)
	at com.mike.util.PathUtil.&lt;init&gt;(PathUtil.java:15)
	at com.mike.file.system.OsValidator.&lt;init&gt;(OsValidator.java:20)
	at com.mike.util.PathUtil.&lt;init&gt;(PathUtil.java:15)
	at com.mike.file.system.OsValidator.&lt;init&gt;(OsValidator.java:20)
	at com.mike.util.PathUtil.&lt;init&gt;(PathUtil.java:15)
	at com.mike.file.system.OsValidator.&lt;init&gt;(OsValidator.java:20)
	at com.mike.util.PathUtil.&lt;init&gt;(PathUtil.java:15)
	at com.mike.file.system.OsValidator.&lt;init&gt;(OsValidator.java:20)
	at com.mike.util.PathUtil.&lt;init&gt;(PathUtil.java:15)
	at com.mike.file.system.OsValidator.&lt;init&gt;(OsValidator.java:20)
	at com.mike.util.PathUtil.&lt;init&gt;(PathUtil.java:15)
	at com.mike.file.system.OsValidator.&lt;init&gt;(OsValidator.java:20)
	at com.mike.util.PathUtil.&lt;init&gt;(PathUtil.java:15)
	at com.mike.file.system.OsValidator.&lt;init&gt;(OsValidator.java:20)
	at com.mike.util.PathUtil.&lt;init&gt;(PathUtil.java:15)
	at com.mike.file.system.OsValidator.&lt;init&gt;(OsValidator.java:20)
	at com.mike.util.PathUtil.&lt;init&gt;(PathUtil.java:15)
	at com.mike.file.system.OsValidator.&lt;init&gt;(OsValidator.java:20)
	at com.mike.util.PathUtil.&lt;init&gt;(PathUtil.java:15)
	at com.mike.file.system.OsValidator.&lt;init&gt;(OsValidator.java:20)
	at com.mike.util.PathUtil.&lt;init&gt;(PathUtil.java:15)
	at com.mike.file.system.OsValidator.&lt;init&gt;(OsValidator.java:20)
	at com.mike.util.PathUtil.&lt;init&gt;(PathUtil.java:15)
	at com.mike.file.system.OsValidator.&lt;init&gt;(OsValidator.java:20)
	at com.mike.util.PathUtil.&lt;init&gt;(PathUtil.java:15)
	at com.mike.file.system.OsValidator.&lt;init&gt;(OsValidator.java:20)
	at com.mike.util.PathUtil.&lt;init&gt;(PathUtil.java:15)
	at com.mike.file.system.OsValidator.&lt;init&gt;(OsValidator.java:20)
	at com.mike.util.PathUtil.&lt;init&gt;(PathUtil.java:15)
	at com.mike.file.system.OsValidator.&lt;init&gt;(OsValidator.java:20)
	at com.mike.util.PathUtil.&lt;init&gt;(PathUtil.java:15)
	at com.mike.file.system.OsValidator.&lt;init&gt;(OsValidator.java:20)
	at com.mike.util.PathUtil.&lt;init&gt;(PathUtil.java:15)
	at com.mike.file.system.OsValidator.&lt;init&gt;(OsValidator.java:20)
	at com.mike.util.PathUtil.&lt;init&gt;(PathUtil.java:15)
	at com.mike.file.system.OsValidator.&lt;init&gt;(OsValidator.java:20)
	at com.mike.util.PathUtil.&lt;init&gt;(PathUtil.java:15)
	at com.mike.file.system.OsValidator.&lt;init&gt;(OsValidator.java:20)
	at com.mike.util.PathUtil.&lt;init&gt;(PathUtil.java:15)
	at com.mike.file.system.OsValidator.&lt;init&gt;(OsValidator.java:20)
	at com.mike.util.PathUtil.&lt;init&gt;(PathUtil.java:15)
	at com.mike.file.system.OsValidator.&lt;init&gt;(OsValidator.java:20)
	at com.mike.util.PathUtil.&lt;init&gt;(PathUtil.java:15)
	at com.mike.file.system.OsValidator.&lt;init&gt;(OsValidator.java:20)
	at com.mike.util.PathUtil.&lt;init&gt;(PathUtil.java:15)
	at com.mike.file.system.OsValidator.&lt;init&gt;(OsValidator.java:20)
	at com.mike.util.PathUtil.&lt;init&gt;(PathUtil.java:15)
	at com.mike.file.system.OsValidator.&lt;init&gt;(OsValidator.java:20)
	at com.mike.util.PathUtil.&lt;init&gt;(PathUtil.java:15)
	at com.mike.file.system.OsValidator.&lt;init&gt;(OsValidator.java:20)
	at com.mike.util.PathUtil.&lt;init&gt;(PathUtil.java:15)
	at com.mike.file.system.OsValidator.&lt;init&gt;(OsValidator.java:20)
	at com.mike.util.PathUtil.&lt;init&gt;(PathUtil.java:15)
	at com.mike.file.system.OsValidator.&lt;init&gt;(OsValidator.java:20)
	at com.mike.util.PathUtil.&lt;init&gt;(PathUtil.java:15)
	at com.mike.file.system.OsValidator.&lt;init&gt;(OsValidator.java:20)
	at com.mike.util.PathUtil.&lt;init&gt;(PathUtil.java:15)
	at com.mike.file.system.OsValidator.&lt;init&gt;(OsValidator.java:20)
	at com.mike.util.PathUtil.&lt;init&gt;(PathUtil.java:15)
	at com.mike.file.system.OsValidator.&lt;init&gt;(OsValidator.java:20)
	at com.mike.util.PathUtil.&lt;init&gt;(PathUtil.java:15)
	at com.mike.file.system.OsValidator.&lt;init&gt;(OsValidator.java:20)
	at com.mike.util.PathUtil.&lt;init&gt;(PathUtil.java:15)
	at com.mike.file.system.OsValidator.&lt;init&gt;(OsValidator.java:20)
	at com.mike.util.PathUtil.&lt;init&gt;(PathUtil.java:15)
	at com.mike.file.system.OsValidator.&lt;init&gt;(OsValidator.java:20)
	at com.mike.util.PathUtil.&lt;init&gt;(PathUtil.java:15)
	at com.mike.file.system.OsValidator.&lt;init&gt;(OsValidator.java:20)
	at com.mike.util.PathUtil.&lt;init&gt;(PathUtil.java:15)
	at com.mike.file.system.OsValidator.&lt;init&gt;(OsValidator.java:20)
	at com.mike.util.PathUtil.&lt;init&gt;(PathUtil.java:15)
	at com.mike.file.system.OsValidator.&lt;init&gt;(OsValidator.java:20)
	at com.mike.util.PathUtil.&lt;init&gt;(PathUtil.java:15)
	at com.mike.file.system.OsValidator.&lt;init&gt;(OsValidator.java:20)
	at com.mike.util.PathUtil.&lt;init&gt;(PathUtil.java:15)
	at com.mike.file.system.OsValidator.&lt;init&gt;(OsValidator.java:20)
	at com.mike.util.PathUtil.&lt;init&gt;(PathUtil.java:15)
	at com.mike.file.system.OsValidator.&lt;init&gt;(OsValidator.java:20)
	at com.mike.util.PathUtil.&lt;init&gt;(PathUtil.java:15)
	at com.mike.file.system.OsValidator.&lt;init&gt;(OsValidator.java:20)
	at com.mike.util.PathUtil.&lt;init&gt;(PathUtil.java:15)
	at com.mike.file.system.OsValidator.&lt;init&gt;(OsValidator.java:20)
	at com.mike.util.PathUtil.&lt;init&gt;(PathUtil.java:15)
	at com.mike.file.system.OsValidator.&lt;init&gt;(OsValidator.java:20)
	at com.mike.util.PathUtil.&lt;init&gt;(PathUtil.java:15)
	at com.mike.file.system.OsValidator.&lt;init&gt;(OsValidator.java:20)
	at com.mike.util.PathUtil.&lt;init&gt;(PathUtil.java:15)
	at com.mike.file.system.OsValidator.&lt;init&gt;(OsValidator.java:20)
	at com.mike.util.PathUtil.&lt;init&gt;(PathUtil.java:15)
	at com.mike.file.system.OsValidator.&lt;init&gt;(OsValidator.java:20)
	at com.mike.util.PathUtil.&lt;init&gt;(PathUtil.java:15)
	at com.mike.file.system.OsValidator.&lt;init&gt;(OsValidator.java:20)
	at com.mike.util.PathUtil.&lt;init&gt;(PathUtil.java:15)
	at com.mike.file.system.OsValidator.&lt;init&gt;(OsValidator.java:20)
	at com.mike.util.PathUtil.&lt;init&gt;(PathUtil.java:15)
	at com.mike.file.system.OsValidator.&lt;init&gt;(OsValidator.java:20)
	at com.mike.util.PathUtil.&lt;init&gt;(PathUtil.java:15)
	at com.mike.file.system.OsValidator.&lt;init&gt;(OsValidator.java:20)
	at com.mike.util.PathUtil.&lt;init&gt;(PathUtil.java:15)
	at com.mike.file.system.OsValidator.&lt;init&gt;(OsValidator.java:20)
	at com.mike.util.PathUtil.&lt;init&gt;(PathUtil.java:15)
	at com.mike.file.system.OsValidator.&lt;init&gt;(OsValidator.java:20)
	at com.mike.util.PathUtil.&lt;init&gt;(PathUtil.java:15)
	at com.mike.file.system.OsValidator.&lt;init&gt;(OsValidator.java:20)
	at com.mike.util.PathUtil.&lt;init&gt;(PathUtil.java:15)
	at com.mike.file.system.OsValidator.&lt;init&gt;(OsValidator.java:20)
	at com.mike.util.PathUtil.&lt;init&gt;(PathUtil.java:15)
	at com.mike.file.system.OsValidator.&lt;init&gt;(OsValidator.java:20)
	at com.mike.util.PathUtil.&lt;init&gt;(PathUtil.java:15)
	at com.mike.file.system.OsValidator.&lt;init&gt;(OsValidator.java:20)
	at com.mike.util.PathUtil.&lt;init&gt;(PathUtil.java:15)
	at com.mike.file.system.OsValidator.&lt;init&gt;(OsValidator.java:20)
	at com.mike.util.PathUtil.&lt;init&gt;(PathUtil.java:15)
	at com.mike.file.system.OsValidator.&lt;init&gt;(OsValidator.java:20)
	at com.mike.util.PathUtil.&lt;init&gt;(PathUtil.java:15)
	at com.mike.file.system.OsValidator.&lt;init&gt;(OsValidator.java:20)
	at com.mike.util.PathUtil.&lt;init&gt;(PathUtil.java:15)
	at com.mike.file.system.OsValidator.&lt;init&gt;(OsValidator.java:20)
	at com.mike.util.PathUtil.&lt;init&gt;(PathUtil.java:15)
	at com.mike.file.system.OsValidator.&lt;init&gt;(OsValidator.java:20)
	at com.mike.util.PathUtil.&lt;init&gt;(PathUtil.java:15)
	at com.mike.file.system.OsValidator.&lt;init&gt;(OsValidator.java:20)
	at com.mike.util.PathUtil.&lt;init&gt;(PathUtil.java:15)
	at com.mike.file.system.OsValidator.&lt;init&gt;(OsValidator.java:20)
	at com.mike.util.PathUtil.&lt;init&gt;(PathUtil.java:15)
	at com.mike.file.system.OsValidator.&lt;init&gt;(OsValidator.java:20)
	at com.mike.util.PathUtil.&lt;init&gt;(PathUtil.java:15)
	at com.mike.file.system.OsValidator.&lt;init&gt;(OsValidator.java:20)
	at com.mike.util.PathUtil.&lt;init&gt;(PathUtil.java:15)
	at com.mike.file.system.OsValidator.&lt;init&gt;(OsValidator.java:20)
	at com.mike.util.PathUtil.&lt;init&gt;(PathUtil.java:15)
	at com.mike.file.system.OsValidator.&lt;init&gt;(OsValidator.java:20)
	at com.mike.util.PathUtil.&lt;init&gt;(PathUtil.java:15)
	at com.mike.file.system.OsValidator.&lt;init&gt;(OsValidator.java:20)
	at com.mike.util.PathUtil.&lt;init&gt;(PathUtil.java:15)
	at com.mike.file.system.OsValidator.&lt;init&gt;(OsValidator.java:20)
	at com.mike.util.PathUtil.&lt;init&gt;(PathUtil.java:15)
	at com.mike.file.system.OsValidator.&lt;init&gt;(OsValidator.java:20)
	at com.mike.util.PathUtil.&lt;init&gt;(PathUtil.java:15)
	at com.mike.file.system.OsValidator.&lt;init&gt;(OsValidator.java:20)
	at com.mike.util.PathUtil.&lt;init&gt;(PathUtil.java:15)
	at com.mike.file.system.OsValidator.&lt;init&gt;(OsValidator.java:20)
	at com.mike.util.PathUtil.&lt;init&gt;(PathUtil.java:15)
	at com.mike.file.system.OsValidator.&lt;init&gt;(OsValidator.java:20)
	at com.mike.util.PathUtil.&lt;init&gt;(PathUtil.java:15)
	at com.mike.file.system.OsValidator.&lt;init&gt;(OsValidator.java:20)
	at com.mike.util.PathUtil.&lt;init&gt;(PathUtil.java:15)
	at com.mike.file.system.OsValidator.&lt;init&gt;(OsValidator.java:20)
	at com.mike.util.PathUtil.&lt;init&gt;(PathUtil.java:15)
	at com.mike.file.system.OsValidator.&lt;init&gt;(OsValidator.java:20)
	at com.mike.util.PathUtil.&lt;init&gt;(PathUtil.java:15)
	at com.mike.file.system.OsValidator.&lt;init&gt;(OsValidator.java:20)
	at com.mike.util.PathUtil.&lt;init&gt;(PathUtil.java:15)
	at com.mike.file.system.OsValidator.&lt;init&gt;(OsValidator.java:20)
	at com.mike.util.PathUtil.&lt;init&gt;(PathUtil.java:15)
	at com.mike.file.system.OsValidator.&lt;init&gt;(OsValidator.java:20)
	at com.mike.util.PathUtil.&lt;init&gt;(PathUtil.java:15)
	at com.mike.file.system.OsValidator.&lt;init&gt;(OsValidator.java:20)
	at com.mike.util.PathUtil.&lt;init&gt;(PathUtil.java:15)
	at com.mike.file.system.OsValidator.&lt;init&gt;(OsValidator.java:20)
	at com.mike.util.PathUtil.&lt;init&gt;(PathUtil.java:15)
	at com.mike.file.system.OsValidator.&lt;init&gt;(OsValidator.java:20)
	at com.mike.util.PathUtil.&lt;init&gt;(PathUtil.java:15)
	at com.mike.file.system.OsValidator.&lt;init&gt;(OsValidator.java:20)
	at com.mike.util.PathUtil.&lt;init&gt;(PathUtil.java:15)
	at com.mike.file.system.OsValidator.&lt;init&gt;(OsValidator.java:20)
	at com.mike.util.PathUtil.&lt;init&gt;(PathUtil.java:15)
	at com.mike.file.system.OsValidator.&lt;init&gt;(OsValidator.java:20)
	at com.mike.util.PathUtil.&lt;init&gt;(PathUtil.java:15)
	at com.mike.file.system.OsValidator.&lt;init&gt;(OsValidator.java:20)
	at com.mike.util.PathUtil.&lt;init&gt;(PathUtil.java:15)
	at com.mike.file.system.OsValidator.&lt;init&gt;(OsValidator.java:20)
	at com.mike.util.PathUtil.&lt;init&gt;(PathUtil.java:15)
	at com.mike.file.system.OsValidator.&lt;init&gt;(OsValidator.java:20)
	at com.mike.util.PathUtil.&lt;init&gt;(PathUtil.java:15)
	at com.mike.file.system.OsValidator.&lt;init&gt;(OsValidator.java:20)
	at com.mike.util.PathUtil.&lt;init&gt;(PathUtil.java:15)
	at com.mike.file.system.OsValidator.&lt;init&gt;(OsValidator.java:20)
	at com.mike.util.PathUtil.&lt;init&gt;(PathUtil.java:15)
	at com.mike.file.system.OsValidator.&lt;init&gt;(OsValidator.java:20)
	at com.mike.util.PathUtil.&lt;init&gt;(PathUtil.java:15)
	at com.mike.file.system.OsValidator.&lt;init&gt;(OsValidator.java:20)
	at com.mike.util.PathUtil.&lt;init&gt;(PathUtil.java:15)
	at com.mike.file.system.OsValidator.&lt;init&gt;(OsValidator.java:20)
	at com.mike.util.PathUtil.&lt;init&gt;(PathUtil.java:15)
	at com.mike.file.system.OsValidator.&lt;init&gt;(OsValidator.java:20)
	at com.mike.util.PathUtil.&lt;init&gt;(PathUtil.java:15)
	at com.mike.file.system.OsValidator.&lt;init&gt;(OsValidator.java:20)
	at com.mike.util.PathUtil.&lt;init&gt;(PathUtil.java:15)
	at com.mike.file.system.OsValidator.&lt;init&gt;(OsValidator.java:20)
	at com.mike.util.PathUtil.&lt;init&gt;(PathUtil.java:15)
	at com.mike.file.system.OsValidator.&lt;init&gt;(OsValidator.java:20)
	at com.mike.util.PathUtil.&lt;init&gt;(PathUtil.java:15)
	at com.mike.file.system.OsValidator.&lt;init&gt;(OsValidator.java:20)
	at com.mike.util.PathUtil.&lt;init&gt;(PathUtil.java:15)
	at com.mike.file.system.OsValidator.&lt;init&gt;(OsValidator.java:20)
	at com.mike.util.PathUtil.&lt;init&gt;(PathUtil.java:15)
	at com.mike.file.system.OsValidator.&lt;init&gt;(OsValidator.java:20)
	at com.mike.util.PathUtil.&lt;init&gt;(PathUtil.java:15)
	at com.mike.file.system.OsValidator.&lt;init&gt;(OsValidator.java:20)
	at com.mike.util.PathUtil.&lt;init&gt;(PathUtil.java:15)
	at com.mike.file.system.OsValidator.&lt;init&gt;(OsValidator.java:20)
	at com.mike.util.PathUtil.&lt;init&gt;(PathUtil.java:15)
	at com.mike.file.system.OsValidator.&lt;init&gt;(OsValidator.java:20)
	at com.mike.util.PathUtil.&lt;init&gt;(PathUtil.java:15)
	at com.mike.file.system.OsValidator.&lt;init&gt;(OsValidator.java:20)
	at com.mike.util.PathUtil.&lt;init&gt;(PathUtil.java:15)
	at com.mike.file.system.OsValidator.&lt;init&gt;(OsValidator.java:20)
	at com.mike.util.PathUtil.&lt;init&gt;(PathUtil.java:15)
	at com.mike.file.system.OsValidator.&lt;init&gt;(OsValidator.java:20)
	at com.mike.util.PathUtil.&lt;init&gt;(PathUtil.java:15)
	at com.mike.file.system.OsValidator.&lt;init&gt;(OsValidator.java:20)
	at com.mike.util.PathUtil.&lt;init&gt;(PathUtil.java:15)
	at com.mike.file.system.OsValidator.&lt;init&gt;(OsValidator.java:20)
	at com.mike.util.PathUtil.&lt;init&gt;(PathUtil.java:15)
	at com.mike.file.system.OsValidator.&lt;init&gt;(OsValidator.java:20)
	at com.mike.util.PathUtil.&lt;init&gt;(PathUtil.java:15)
	at com.mike.file.system.OsValidator.&lt;init&gt;(OsValidator.java:20)
	at com.mike.util.PathUtil.&lt;init&gt;(PathUtil.java:15)
	at com.mike.file.system.OsValidator.&lt;init&gt;(OsValidator.java:20)
	at com.mike.util.PathUtil.&lt;init&gt;(PathUtil.java:15)
	at com.mike.file.system.OsValidator.&lt;init&gt;(OsValidator.java:20)
	at com.mike.util.PathUtil.&lt;init&gt;(PathUtil.java:15)
	at com.mike.file.system.OsValidator.&lt;init&gt;(OsValidator.java:20)
	at com.mike.util.PathUtil.&lt;init&gt;(PathUtil.java:15)
	at com.mike.file.system.OsValidator.&lt;init&gt;(OsValidator.java:20)
	at com.mike.util.PathUtil.&lt;init&gt;(PathUtil.java:15)
	at com.mike.file.system.OsValidator.&lt;init&gt;(OsValidator.java:20)
	at com.mike.util.PathUtil.&lt;init&gt;(PathUtil.java:15)
	at com.mike.file.system.OsValidator.&lt;init&gt;(OsValidator.java:20)
	at com.mike.util.PathUtil.&lt;init&gt;(PathUtil.java:15)
	at com.mike.file.system.OsValidator.&lt;init&gt;(OsValidator.java:20)
	at com.mike.util.PathUtil.&lt;init&gt;(PathUtil.java:15)
	at com.mike.file.system.OsValidator.&lt;init&gt;(OsValidator.java:20)
	at com.mike.util.PathUtil.&lt;init&gt;(PathUtil.java:15)
	at com.mike.file.system.OsValidator.&lt;init&gt;(OsValidator.java:20)
	at com.mike.util.PathUtil.&lt;init&gt;(PathUtil.java:15)
	at com.mike.file.system.OsValidator.&lt;init&gt;(OsValidator.java:20)
	at com.mike.util.PathUtil.&lt;init&gt;(PathUtil.java:15)
	at com.mike.file.system.OsValidator.&lt;init&gt;(OsValidator.java:20)
	at com.mike.util.PathUtil.&lt;init&gt;(PathUtil.java:15)
	at com.mike.file.system.OsValidator.&lt;init&gt;(OsValidator.java:20)
	at com.mike.util.PathUtil.&lt;init&gt;(PathUtil.java:15)
	at com.mike.file.system.OsValidator.&lt;init&gt;(OsValidator.java:20)
	at com.mike.util.PathUtil.&lt;init&gt;(PathUtil.java:15)
	at com.mike.file.system.OsValidator.&lt;init&gt;(OsValidator.java:20)
	at com.mike.util.PathUtil.&lt;init&gt;(PathUtil.java:15)
	at com.mike.file.system.OsValidator.&lt;init&gt;(OsValidator.java:20)
	at com.mike.util.PathUtil.&lt;init&gt;(PathUtil.java:15)
	at com.mike.file.system.OsValidator.&lt;init&gt;(OsValidator.java:20)
	at com.mike.util.PathUtil.&lt;init&gt;(PathUtil.java:15)
	at com.mike.file.system.OsValidator.&lt;init&gt;(OsValidator.java:20)
	at com.mike.util.PathUtil.&lt;init&gt;(PathUtil.java:15)
	at com.mike.file.system.OsValidator.&lt;init&gt;(OsValidator.java:20)
	at com.mike.util.PathUtil.&lt;init&gt;(PathUtil.java:15)
	at com.mike.file.system.OsValidator.&lt;init&gt;(OsValidator.java:20)
	at com.mike.util.PathUtil.&lt;init&gt;(PathUtil.java:15)
	at com.mike.file.system.OsValidator.&lt;init&gt;(OsValidator.java:20)
	at com.mike.util.PathUtil.&lt;init&gt;(PathUtil.java:15)
	at com.mike.file.system.OsValidator.&lt;init&gt;(OsValidator.java:20)
	at com.mike.util.PathUtil.&lt;init&gt;(PathUtil.java:15)
	at com.mike.file.system.OsValidator.&lt;init&gt;(OsValidator.java:20)
	at com.mike.util.PathUtil.&lt;init&gt;(PathUtil.java:15)
	at com.mike.file.system.OsValidator.&lt;init&gt;(OsValidator.java:20)
	at com.mike.util.PathUtil.&lt;init&gt;(PathUtil.java:15)
	at com.mike.file.system.OsValidator.&lt;init&gt;(OsValidator.java:20)
	at com.mike.util.PathUtil.&lt;init&gt;(PathUtil.java:15)
	at com.mike.file.system.OsValidator.&lt;init&gt;(OsValidator.java:20)
	at com.mike.util.PathUtil.&lt;init&gt;(PathUtil.java:15)
	at com.mike.file.system.OsValidator.&lt;init&gt;(OsValidator.java:20)
	at com.mike.util.PathUtil.&lt;init&gt;(PathUtil.java:15)
	at com.mike.file.system.OsValidator.&lt;init&gt;(OsValidator.java:20)
	at com.mike.util.PathUtil.&lt;init&gt;(PathUtil.java:15)
	at com.mike.file.system.OsValidator.&lt;init&gt;(OsValidator.java:20)
	at com.mike.util.PathUtil.&lt;init&gt;(PathUtil.java:15)
	at com.mike.file.system.OsValidator.&lt;init&gt;(OsValidator.java:20)
	at com.mike.util.PathUtil.&lt;init&gt;(PathUtil.java:15)
	at com.mike.file.system.OsValidator.&lt;init&gt;(OsValidator.java:20)
	at com.mike.util.PathUtil.&lt;init&gt;(PathUtil.java:15)
	at com.mike.file.system.OsValidator.&lt;init&gt;(OsValidator.java:20)
	at com.mike.util.PathUtil.&lt;init&gt;(PathUtil.java:15)
	at com.mike.file.system.OsValidator.&lt;init&gt;(OsValidator.java:20)
	at com.mike.util.PathUtil.&lt;init&gt;(PathUtil.java:15)
	at com.mike.file.system.OsValidator.&lt;init&gt;(OsValidator.java:20)
	at com.mike.util.PathUtil.&lt;init&gt;(PathUtil.java:15)
	at com.mike.file.system.OsValidator.&lt;init&gt;(OsValidator.java:20)
	at com.mike.util.PathUtil.&lt;init&gt;(PathUtil.java:15)
	at com.mike.file.system.OsValidator.&lt;init&gt;(OsValidator.java:20)
	at com.mike.util.PathUtil.&lt;init&gt;(PathUtil.java:15)
	at com.mike.file.system.OsValidator.&lt;init&gt;(OsValidator.java:20)
	at com.mike.util.PathUtil.&lt;init&gt;(PathUtil.java:15)
	at com.mike.file.system.OsValidator.&lt;init&gt;(OsValidator.java:20)
	at com.mike.util.PathUtil.&lt;init&gt;(PathUtil.java:15)
	at com.mike.file.system.OsValidator.&lt;init&gt;(OsValidator.java:20)
	at com.mike.util.PathUtil.&lt;init&gt;(PathUtil.java:15)
	at com.mike.file.system.OsValidator.&lt;init&gt;(OsValidator.java:20)
	at com.mike.util.PathUtil.&lt;init&gt;(PathUtil.java:15)
	at com.mike.file.system.OsValidator.&lt;init&gt;(OsValidator.java:20)
	at com.mike.util.PathUtil.&lt;init&gt;(PathUtil.java:15)
	at com.mike.file.system.OsValidator.&lt;init&gt;(OsValidator.java:20)
	at com.mike.util.PathUtil.&lt;init&gt;(PathUtil.java:15)
	at com.mike.file.system.OsValidator.&lt;init&gt;(OsValidator.java:20)
	at com.mike.util.PathUtil.&lt;init&gt;(PathUtil.java:15)
	at com.mike.file.system.OsValidator.&lt;init&gt;(OsValidator.java:20)
	at com.mike.util.PathUtil.&lt;init&gt;(PathUtil.java:15)
	at com.mike.file.system.OsValidator.&lt;init&gt;(OsValidator.java:20)
	at com.mike.util.PathUtil.&lt;init&gt;(PathUtil.java:15)
	at com.mike.file.system.OsValidator.&lt;init&gt;(OsValidator.java:20)
	at com.mike.util.PathUtil.&lt;init&gt;(PathUtil.java:15)
	at com.mike.file.system.OsValidator.&lt;init&gt;(OsValidator.java:20)
	at com.mike.util.PathUtil.&lt;init&gt;(PathUtil.java:15)
	at com.mike.file.system.OsValidator.&lt;init&gt;(OsValidator.java:20)
	at com.mike.util.PathUtil.&lt;init&gt;(PathUtil.java:15)
	at com.mike.file.system.OsValidator.&lt;init&gt;(OsValidator.java:20)
	at com.mike.util.PathUtil.&lt;init&gt;(PathUtil.java:15)
	at com.mike.file.system.OsValidator.&lt;init&gt;(OsValidator.java:20)
	at com.mike.util.PathUtil.&lt;init&gt;(PathUtil.java:15)
	at com.mike.file.system.OsValidator.&lt;init&gt;(OsValidator.java:20)
	at com.mike.util.PathUtil.&lt;init&gt;(PathUtil.java:15)
	at com.mike.file.system.OsValidator.&lt;init&gt;(OsValidator.java:20)
	at com.mike.util.PathUtil.&lt;init&gt;(PathUtil.java:15)
	at com.mike.file.system.OsValidator.&lt;init&gt;(OsValidator.java:20)
	at com.mike.util.PathUtil.&lt;init&gt;(PathUtil.java:15)
	at com.mike.file.system.OsValidator.&lt;init&gt;(OsValidator.java:20)
	at com.mike.util.PathUtil.&lt;init&gt;(PathUtil.java:15)
	at com.mike.file.system.OsValidator.&lt;init&gt;(OsValidator.java:20)
	at com.mike.util.PathUtil.&lt;init&gt;(PathUtil.java:15)
	at com.mike.file.system.OsValidator.&lt;init&gt;(OsValidator.java:20)
	at com.mike.util.PathUtil.&lt;init&gt;(PathUtil.java:15)
	at com.mike.file.system.OsValidator.&lt;init&gt;(OsValidator.java:20)
	at com.mike.util.PathUtil.&lt;init&gt;(PathUtil.java:15)
	at com.mike.file.system.OsValidator.&lt;init&gt;(OsValidator.java:20)
	at com.mike.util.PathUtil.&lt;init&gt;(PathUtil.java:15)
	at com.mike.file.system.OsValidator.&lt;init&gt;(OsValidator.java:20)
	at com.mike.util.PathUtil.&lt;init&gt;(PathUtil.java:15)
	at com.mike.file.system.OsValidator.&lt;init&gt;(OsValidator.java:20)
	at com.mike.util.PathUtil.&lt;init&gt;(PathUtil.java:15)
	at com.mike.file.system.OsValidator.&lt;init&gt;(OsValidator.java:20)
	at com.mike.util.PathUtil.&lt;init&gt;(PathUtil.java:15)
	at com.mike.file.system.OsValidator.&lt;init&gt;(OsValidator.java:20)
	at com.mike.util.PathUtil.&lt;init&gt;(PathUtil.java:15)
	at com.mike.file.system.OsValidator.&lt;init&gt;(OsValidator.java:20)
	at com.mike.util.PathUtil.&lt;init&gt;(PathUtil.java:15)
	at com.mike.file.system.OsValidator.&lt;init&gt;(OsValidator.java:20)
	at com.mike.util.PathUtil.&lt;init&gt;(PathUtil.java:15)
	at com.mike.file.system.OsValidator.&lt;init&gt;(OsValidator.java:20)
	at com.mike.util.PathUtil.&lt;init&gt;(PathUtil.java:15)
	at com.mike.file.system.OsValidator.&lt;init&gt;(OsValidator.java:20)
	at com.mike.util.PathUtil.&lt;init&gt;(PathUtil.java:15)
	at com.mike.file.system.OsValidator.&lt;init&gt;(OsValidator.java:20)
	at com.mike.util.PathUtil.&lt;init&gt;(PathUtil.java:15)
	at com.mike.file.system.OsValidator.&lt;init&gt;(OsValidator.java:20)
	at com.mike.util.PathUtil.&lt;init&gt;(PathUtil.java:15)
	at com.mike.file.system.OsValidator.&lt;init&gt;(OsValidator.java:20)
	at com.mike.util.PathUtil.&lt;init&gt;(PathUtil.java:15)
	at com.mike.file.system.OsValidator.&lt;init&gt;(OsValidator.java:20)
	at com.mike.util.PathUtil.&lt;init&gt;(PathUtil.java:15)
	at com.mike.file.system.OsValidator.&lt;init&gt;(OsValidator.java:20)
	at com.mike.util.PathUtil.&lt;init&gt;(PathUtil.java:15)
	at com.mike.file.system.OsValidator.&lt;init&gt;(OsValidator.java:20)
	at com.mike.util.PathUtil.&lt;init&gt;(PathUtil.java:15)
	at com.mike.file.system.OsValidator.&lt;init&gt;(OsValidator.java:20)
	at com.mike.util.PathUtil.&lt;init&gt;(PathUtil.java:15)
	at com.mike.file.system.OsValidator.&lt;init&gt;(OsValidator.java:20)
	at com.mike.util.PathUtil.&lt;init&gt;(PathUtil.java:15)
	at com.mike.file.system.OsValidator.&lt;init&gt;(OsValidator.java:20)
	at com.mike.util.PathUtil.&lt;init&gt;(PathUtil.java:15)
	at com.mike.file.system.OsValidator.&lt;init&gt;(OsValidator.java:20)
	at com.mike.util.PathUtil.&lt;init&gt;(PathUtil.java:15)
	at com.mike.file.system.OsValidator.&lt;init&gt;(OsValidator.java:20)
	at com.mike.util.PathUtil.&lt;init&gt;(PathUtil.java:15)
	at com.mike.file.system.OsValidator.&lt;init&gt;(OsValidator.java:20)
	at com.mike.util.PathUtil.&lt;init&gt;(PathUtil.java:15)
	at com.mike.file.system.OsValidator.&lt;init&gt;(OsValidator.java:20)
	at com.mike.util.PathUtil.&lt;init&gt;(PathUtil.java:15)
	at com.mike.file.system.OsValidator.&lt;init&gt;(OsValidator.java:20)
	at com.mike.util.PathUtil.&lt;init&gt;(PathUtil.java:15)
	at com.mike.file.system.OsValidator.&lt;init&gt;(OsValidator.java:20)
	at com.mike.util.PathUtil.&lt;init&gt;(PathUtil.java:15)
	at com.mike.file.system.OsValidator.&lt;init&gt;(OsValidator.java:20)
	at com.mike.util.PathUtil.&lt;init&gt;(PathUtil.java:15)
	at com.mike.file.system.OsValidator.&lt;init&gt;(OsValidator.java:20)
</failure>
  </testcase>
  <system-out><![CDATA[]]></system-out>
  <system-err><![CDATA[]]></system-err>
</testsuite>
