<?xml version="1.0" encoding="UTF-8"?>
<testsuite name="com.mike.file.system.UtilTests" tests="2" skipped="0" failures="0" errors="0" timestamp="2016-05-09T03:31:54" hostname="Michaels-MBP-2" time="0.02">
  <properties/>
  <testcase name="test path to list class" classname="com.mike.file.system.UtilTests" time="0.019"/>
  <testcase name="test path to list class exception" classname="com.mike.file.system.UtilTests" time="0.001"/>
  <system-out><![CDATA[]]></system-out>
  <system-err><![CDATA[]]></system-err>
</testsuite>
